
[2019-05-21 18:33:11] Traceback (most recent call last):
  File "lifespan_handler.pyx", line 116, in cefpython_py37.LifespanHandler_OnBeforeClose
  File "utils.pyx", line 50, in cefpython_py37.Debug
KeyboardInterrupt


[2019-05-21 18:35:22] Traceback (most recent call last):
  File "cef_boot.py", line 23, in <module>
    run_cef_gui("127.0.0.1:8050", 'Window Title')
  File "cef_boot.py", line 10, in run_cef_gui
    window_title=title)
  File "cefpython_py37.pyx", line 747, in cefpython_py37.CreateBrowserSync
  File "utils.pyx", line 100, in cefpython_py37.GetNavigateUrl
  File "C:\Users\wardrobemadison\root\Anaconda3\lib\nturl2path.py", line 65, in pathname2url
    raise OSError(error)
OSError: Bad path: 127.0.0.1:8050


[2019-05-21 18:42:00] Traceback (most recent call last):
  File "lifespan_handler.pyx", line 116, in cefpython_py37.LifespanHandler_OnBeforeClose
  File "utils.pyx", line 50, in cefpython_py37.Debug
KeyboardInterrupt


[2019-05-21 19:08:58] Traceback (most recent call last):
  File "lifespan_handler.pyx", line 116, in cefpython_py37.LifespanHandler_OnBeforeClose
  File "utils.pyx", line 50, in cefpython_py37.Debug
KeyboardInterrupt

